<?xml version="1.0" encoding="UTF-8"?>
<testsuite xmlns:xsi="http://www.w3.org/2001/XMLSchema-instance" xsi:noNamespaceSchemaLocation="https://maven.apache.org/surefire/maven-surefire-plugin/xsd/surefire-test-report-3.0.xsd" version="3.0" name="ie.gmit.tests.EmployeeTest" time="0.066" tests="8" errors="0" skipped="0" failures="0">
  <properties>
[...]
</properties>
  <testcase name="testNameFail" classname="ie.gmit.tests.EmployeeTest" time="0.03"/>
  <testcase name="testDeleteEmployeeFail" classname="ie.gmit.tests.EmployeeTest" time="0.002"/>
  <testcase name="testEmployeeNumberFail" classname="ie.gmit.tests.EmployeeTest" time="0.002"/>
  <testcase name="testAddEmployeeFail" classname="ie.gmit.tests.EmployeeTest" time="0.002"/>
  <testcase name="testAddEmployeeSuccess" classname="ie.gmit.tests.EmployeeTest" time="0.001"/>
  <testcase name="testRemoveEmployeeSuccess" classname="ie.gmit.tests.EmployeeTest" time="0.001"/>
  <testcase name="testNameSuccess" classname="ie.gmit.tests.EmployeeTest" time="0.001"/>
  <testcase name="testEmployeeNumberSuccess" classname="ie.gmit.tests.EmployeeTest" time="0.002"/>
</testsuite>